<?xml version="1.0" encoding="UTF-8"?>
<robot generator="Robot 7.0 (Python 3.12.3 on win32)" generated="2024-05-28T01:04:27.998729" rpa="false" schemaversion="5">
<suite id="s1" name="Test Payment To User" source="I:\CYCLOS\CYCLOS-PROJECT\PilotProject_Cyclos_Team1\TestCases\test_payment_to_user.robot">
<test id="s1-t1" name="To validate payment to user functionality with valid data" line="12">
<kw name="Open the Browser with URL" owner="GenericResource" type="SETUP">
<kw name="Create Webdriver" owner="SeleniumLibrary">
<msg time="2024-05-28T01:04:28.951637" level="INFO">Creating an instance of the Chrome WebDriver.</msg>
<arg>Chrome</arg>
<doc>Creates an instance of Selenium WebDriver.</doc>
<status status="PASS" start="2024-05-28T01:04:28.951637" elapsed="8.106492"/>
</kw>
<kw name="Go To" owner="SeleniumLibrary">
<msg time="2024-05-28T01:04:37.059130" level="INFO">Opening url 'https://demo.cyclos.org/ui/home'</msg>
<arg>${url}</arg>
<doc>Navigates the current browser window to the provided ``url``.</doc>
<status status="PASS" start="2024-05-28T01:04:37.059130" elapsed="7.171853"/>
</kw>
<kw name="Maximize Browser Window" owner="SeleniumLibrary">
<doc>Maximizes current browser window.</doc>
<status status="PASS" start="2024-05-28T01:04:44.230983" elapsed="0.354132"/>
</kw>
<kw name="Set Selenium Implicit Wait" owner="SeleniumLibrary">
<arg>5</arg>
<doc>Sets the implicit wait value used by Selenium.</doc>
<status status="PASS" start="2024-05-28T01:04:44.585115" elapsed="0.000000"/>
</kw>
<status status="PASS" start="2024-05-28T01:04:28.951637" elapsed="15.633478"/>
</kw>
<kw name="Fill the Login page" owner="LoginResource">
<kw name="Wait Until Element Is Visible" owner="SeleniumLibrary">
<arg>${login_button}</arg>
<doc>Waits until the element ``locator`` is visible.</doc>
<status status="PASS" start="2024-05-28T01:04:44.601746" elapsed="4.865994"/>
</kw>
<kw name="Click Element" owner="SeleniumLibrary">
<msg time="2024-05-28T01:04:49.467740" level="INFO">Clicking element 'xpath:(//div[text()=' Login '])[1]'.</msg>
<arg>${login_button}</arg>
<doc>Click the element identified by ``locator``.</doc>
<status status="PASS" start="2024-05-28T01:04:49.467740" elapsed="1.067030"/>
</kw>
<kw name="Wait Until Element Is Visible" owner="SeleniumLibrary">
<arg>${username_locator}</arg>
<doc>Waits until the element ``locator`` is visible.</doc>
<status status="PASS" start="2024-05-28T01:04:50.534770" elapsed="0.140633"/>
</kw>
<kw name="Input Text" owner="SeleniumLibrary">
<msg time="2024-05-28T01:04:50.675403" level="INFO">Typing text 'demo' into text field 'css:input[placeholder="User"]'.</msg>
<arg>${username_locator}</arg>
<arg>${username}</arg>
<doc>Types the given ``text`` into the text field identified by ``locator``.</doc>
<status status="PASS" start="2024-05-28T01:04:50.675403" elapsed="0.453157"/>
</kw>
<kw name="Wait Until Element Is Visible" owner="SeleniumLibrary">
<arg>${password_locator}</arg>
<doc>Waits until the element ``locator`` is visible.</doc>
<status status="PASS" start="2024-05-28T01:04:51.128560" elapsed="0.140634"/>
</kw>
<kw name="Input Text" owner="SeleniumLibrary">
<msg time="2024-05-28T01:04:51.269194" level="INFO">Typing text '1234' into text field 'css:input[placeholder="Password"]'.</msg>
<arg>${password_locator}</arg>
<arg>${password}</arg>
<doc>Types the given ``text`` into the text field identified by ``locator``.</doc>
<status status="PASS" start="2024-05-28T01:04:51.269194" elapsed="0.343772"/>
</kw>
<kw name="Wait Until Element Is Visible" owner="SeleniumLibrary">
<arg>${submit_btn}</arg>
<doc>Waits until the element ``locator`` is visible.</doc>
<status status="PASS" start="2024-05-28T01:04:51.612966" elapsed="0.062507"/>
</kw>
<kw name="Click Element" owner="SeleniumLibrary">
<msg time="2024-05-28T01:04:51.675473" level="INFO">Clicking element 'xpath://button[@class="btn d-flex justify-content-center align-items-center w-100 h-100 btn-primary btn-action-primary"]'.</msg>
<arg>${submit_btn}</arg>
<doc>Click the element identified by ``locator``.</doc>
<status status="PASS" start="2024-05-28T01:04:51.675473" elapsed="0.341179"/>
</kw>
<status status="PASS" start="2024-05-28T01:04:44.601746" elapsed="7.414906"/>
</kw>
<kw name="Click the Banking Option" owner="HomeResource">
<kw name="Wait Until Element Is Visible" owner="SeleniumLibrary">
<arg>${Banking_Xpath}</arg>
<doc>Waits until the element ``locator`` is visible.</doc>
<status status="PASS" start="2024-05-28T01:04:52.139790" elapsed="1.825711"/>
</kw>
<kw name="Click Element" owner="SeleniumLibrary">
<msg time="2024-05-28T01:04:53.966504" level="INFO">Clicking element 'xpath://a[@id='menu_banking']'.</msg>
<arg>${Banking_Xpath}</arg>
<doc>Click the element identified by ``locator``.</doc>
<status status="PASS" start="2024-05-28T01:04:53.965501" elapsed="0.405063"/>
</kw>
<status status="PASS" start="2024-05-28T01:04:52.138788" elapsed="2.231776"/>
</kw>
<kw name="Verify the Banking page is displayed" owner="HomeResource">
<kw name="Element Text Should Be" owner="SeleniumLibrary">
<msg time="2024-05-28T01:04:54.370564" level="INFO">Verifying element 'xpath://div[text()='Banking']' contains exact text 'Banking'.</msg>
<arg>${Banking_page_verify}</arg>
<arg>${Banking_page_keyword}</arg>
<doc>Verifies that element ``locator`` contains exact the text ``expected``.</doc>
<status status="PASS" start="2024-05-28T01:04:54.370564" elapsed="0.375766"/>
</kw>
<status status="PASS" start="2024-05-28T01:04:54.370564" elapsed="0.376771"/>
</kw>
<kw name="Select the option payment to user" owner="PaymentUser">
<kw name="Wait Until Element Is Visible" owner="SeleniumLibrary">
<arg>${select_payment_to_user}</arg>
<doc>Waits until the element ``locator`` is visible.</doc>
<status status="PASS" start="2024-05-28T01:04:54.748333" elapsed="1.392532"/>
</kw>
<kw name="Click Element" owner="SeleniumLibrary">
<msg time="2024-05-28T01:04:56.140865" level="INFO">Clicking element 'xpath://div[text()="Payment to user"]'.</msg>
<arg>${select_payment_to_user}</arg>
<doc>Click the element identified by ``locator``.</doc>
<status status="PASS" start="2024-05-28T01:04:56.140865" elapsed="0.512961"/>
</kw>
<status status="PASS" start="2024-05-28T01:04:54.748333" elapsed="1.905493"/>
</kw>
<kw name="verify the payment to user page open" owner="PaymentUser">
<kw name="Element Text Should Be" owner="SeleniumLibrary">
<msg time="2024-05-28T01:04:56.901465" level="INFO">Verifying element 'xpath://div[@class="content-title d-flex"]//div' contains exact text 'Payment to user'.</msg>
<arg>${payment_user_title}</arg>
<arg>Payment to user</arg>
<doc>Verifies that element ``locator`` contains exact the text ``expected``.</doc>
<status status="PASS" start="2024-05-28T01:04:56.889187" elapsed="2.250544"/>
</kw>
<status status="PASS" start="2024-05-28T01:04:56.889187" elapsed="2.250544"/>
</kw>
<kw name="Enter the username in the to user field" owner="PaymentUser">
<kw name="Input Text" owner="SeleniumLibrary">
<msg time="2024-05-28T01:04:59.217860" level="INFO">Typing text 'demo' into text field 'xpath://input[@placeholder="Type to search"]'.</msg>
<arg>${to_User}</arg>
<arg>${user_name}</arg>
<doc>Types the given ``text`` into the text field identified by ``locator``.</doc>
<status status="PASS" start="2024-05-28T01:04:59.217860" elapsed="0.597530"/>
</kw>
<arg>${user_name}</arg>
<status status="PASS" start="2024-05-28T01:04:59.217860" elapsed="0.598535"/>
</kw>
<kw name="Select the user" owner="PaymentUser">
<kw name="Click Element" owner="SeleniumLibrary">
<msg time="2024-05-28T01:04:59.831387" level="INFO">Clicking element 'xpath://div[@role='listbox']/a[text()=' Demo one ']'.</msg>
<arg>${user_select}</arg>
<doc>Click the element identified by ``locator``.</doc>
<status status="PASS" start="2024-05-28T01:04:59.831387" elapsed="2.899327"/>
</kw>
<status status="PASS" start="2024-05-28T01:04:59.829699" elapsed="2.902009"/>
</kw>
<kw name="Enter the valid amount in the amount field" owner="PaymentUser">
<kw name="Input Text" owner="SeleniumLibrary">
<msg time="2024-05-28T01:05:02.798037" level="INFO">Typing text '10' into text field 'xpath://div[@class="input-group"]//input'.</msg>
<arg>${amount}</arg>
<arg>${amount_data}</arg>
<doc>Types the given ``text`` into the text field identified by ``locator``.</doc>
<status status="PASS" start="2024-05-28T01:05:02.797038" elapsed="1.153839"/>
</kw>
<arg>${amount_data}</arg>
<status status="PASS" start="2024-05-28T01:05:02.796038" elapsed="1.154839"/>
</kw>
<kw name="Click the scheduling dropdown button" owner="PaymentUser">
<kw name="Click Element" owner="SeleniumLibrary">
<msg time="2024-05-28T01:05:04.355934" level="INFO">Clicking element 'xpath://button[@class='form-control text-left custom-select w-100']'.</msg>
<arg>${Scheduling}</arg>
<doc>Click the element identified by ``locator``.</doc>
<status status="PASS" start="2024-05-28T01:05:04.340308" elapsed="1.438812"/>
</kw>
<status status="PASS" start="2024-05-28T01:05:04.340308" elapsed="1.438812"/>
</kw>
<kw name="Click the monthly installment option" owner="PaymentUser">
<kw name="Click Element" owner="SeleniumLibrary">
<msg time="2024-05-28T01:05:05.810370" level="INFO">Clicking element 'xpath://div[@role='listbox']//a[text()=' Monthly installments ']'.</msg>
<arg>${monthly_inst_option}</arg>
<doc>Click the element identified by ``locator``.</doc>
<status status="PASS" start="2024-05-28T01:05:05.810370" elapsed="0.616064"/>
</kw>
<status status="PASS" start="2024-05-28T01:05:05.810370" elapsed="0.616064"/>
</kw>
<kw name="Fill the no of installments" owner="PaymentUser">
<kw name="Input Text" owner="SeleniumLibrary">
<msg time="2024-05-28T01:05:06.871253" level="INFO">Typing text '5' into text field 'xpath://div[@class='d-flex label-value-value']//input[@type='number']'.</msg>
<arg>${no_of_installments}</arg>
<arg>${no_of_installments_data}</arg>
<doc>Types the given ``text`` into the text field identified by ``locator``.</doc>
<status status="PASS" start="2024-05-28T01:05:06.871253" elapsed="1.210378"/>
</kw>
<arg>${inst_no}</arg>
<status status="PASS" start="2024-05-28T01:05:06.871253" elapsed="1.210378"/>
</kw>
<kw name="Click the first installment" owner="PaymentUser">
<kw name="Click Element" owner="SeleniumLibrary">
<msg time="2024-05-28T01:05:08.316018" level="INFO">Clicking element 'xpath://label[@class='custom-control-label' and text()=' Future date ']'.</msg>
<arg>${first_instal}</arg>
<doc>Click the element identified by ``locator``.</doc>
<status status="PASS" start="2024-05-28T01:05:08.316018" elapsed="0.797600"/>
</kw>
<status status="PASS" start="2024-05-28T01:05:08.316018" elapsed="0.797600"/>
</kw>
<kw name="Fill the future date" owner="PaymentUser">
<kw name="Input Text" owner="SeleniumLibrary">
<msg time="2024-05-28T01:05:09.113618" level="INFO">Typing text '30-05-2024' into text field 'xpath://div[@class='d-flex label-value-value']//input[@type='date']'.</msg>
<arg>${future_date}</arg>
<arg>${fut_date}</arg>
<doc>Types the given ``text`` into the text field identified by ``locator``.</doc>
<status status="PASS" start="2024-05-28T01:05:09.113618" elapsed="0.777072"/>
</kw>
<arg>${fut_date}</arg>
<status status="PASS" start="2024-05-28T01:05:09.113618" elapsed="0.777072"/>
</kw>
<kw name="Fill the description" owner="PaymentUser">
<kw name="Input Text" owner="SeleniumLibrary">
<msg time="2024-05-28T01:05:09.995223" level="INFO">Typing text 'Monthly Installments' into text field 'xpath://div[@class='d-flex label-value-value']//textarea'.</msg>
<arg>${descrip_xpath}</arg>
<arg>${description}</arg>
<doc>Types the given ``text`` into the text field identified by ``locator``.</doc>
<status status="PASS" start="2024-05-28T01:05:09.994223" elapsed="0.968828"/>
</kw>
<arg>${description}</arg>
<status status="PASS" start="2024-05-28T01:05:09.994223" elapsed="0.968828"/>
</kw>
<kw name="Click the next Button in payment page" owner="PaymentUser">
<kw name="Wait Until Element Is Visible" owner="SeleniumLibrary">
<arg>${next}</arg>
<doc>Waits until the element ``locator`` is visible.</doc>
<status status="PASS" start="2024-05-28T01:05:10.965052" elapsed="0.064594"/>
</kw>
<kw name="Click Element" owner="SeleniumLibrary">
<msg time="2024-05-28T01:05:11.029646" level="INFO">Clicking element 'xpath://span[text()='Next']'.</msg>
<arg>${next}</arg>
<doc>Click the element identified by ``locator``.</doc>
<status status="PASS" start="2024-05-28T01:05:11.029646" elapsed="0.390904"/>
</kw>
<status status="PASS" start="2024-05-28T01:05:10.964050" elapsed="0.456500"/>
</kw>
<kw name="Verify the confirmation page is displayed" owner="PaymentUser">
<kw name="Element Should Be Visible" owner="SeleniumLibrary">
<msg time="2024-05-28T01:05:12.662406" level="INFO">Element 'xpath://div[text()=' Payment confirmation ']' is displayed.</msg>
<arg>${pay_confirm_title}</arg>
<doc>Verifies that the element identified by ``locator`` is visible.</doc>
<status status="PASS" start="2024-05-28T01:05:11.436800" elapsed="1.225606"/>
</kw>
<status status="PASS" start="2024-05-28T01:05:11.420550" elapsed="1.241856"/>
</kw>
<kw name="Click the confirm button in the payment page" owner="PaymentUser">
<kw name="Wait Until Element Is Visible" owner="SeleniumLibrary">
<arg>${confirm_button}</arg>
<doc>Waits until the element ``locator`` is visible.</doc>
<status status="PASS" start="2024-05-28T01:05:12.662406" elapsed="0.205315"/>
</kw>
<kw name="Click Element" owner="SeleniumLibrary">
<msg time="2024-05-28T01:05:12.867721" level="INFO">Clicking element 'xpath://span[text()='Confirm']'.</msg>
<arg>${confirm_button}</arg>
<doc>Click the element identified by ``locator``.</doc>
<status status="PASS" start="2024-05-28T01:05:12.867721" elapsed="0.200851"/>
</kw>
<status status="PASS" start="2024-05-28T01:05:12.662406" elapsed="0.406166"/>
</kw>
<kw name="verify the succesfull payment notification" owner="PaymentUser">
<kw name="Wait Until Element Is Visible" owner="SeleniumLibrary">
<arg>${successfull_payment_msg}</arg>
<doc>Waits until the element ``locator`` is visible.</doc>
<status status="PASS" start="2024-05-28T01:05:13.086734" elapsed="2.770063"/>
</kw>
<kw name="Element Text Should Be" owner="SeleniumLibrary">
<msg time="2024-05-28T01:05:15.856797" level="INFO">Verifying element 'xpath://div[@class="notification-message"]//div' contains exact text 'The payment was successfully processed'.</msg>
<arg>${successfull_payment_msg}</arg>
<arg>The payment was successfully processed</arg>
<doc>Verifies that element ``locator`` contains exact the text ``expected``.</doc>
<status status="PASS" start="2024-05-28T01:05:15.856797" elapsed="0.235985"/>
</kw>
<status status="PASS" start="2024-05-28T01:05:13.086734" elapsed="3.006048"/>
</kw>
<kw name="Close Browser Session" owner="GenericResource" type="TEARDOWN">
<kw name="Close Browser" owner="SeleniumLibrary">
<doc>Closes the current browser.</doc>
<status status="PASS" start="2024-05-28T01:05:16.095803" elapsed="6.150136"/>
</kw>
<status status="PASS" start="2024-05-28T01:05:16.093782" elapsed="6.152157"/>
</kw>
<tag>smoke</tag>
<status status="PASS" start="2024-05-28T01:04:28.936011" elapsed="53.309928"/>
</test>
<test id="s1-t2" name="To validate payment to user functionality with blank user name" line="33">
<kw name="Open the Browser with URL" owner="GenericResource" type="SETUP">
<kw name="Create Webdriver" owner="SeleniumLibrary">
<msg time="2024-05-28T01:05:22.245939" level="INFO">Creating an instance of the Chrome WebDriver.</msg>
<arg>Chrome</arg>
<doc>Creates an instance of Selenium WebDriver.</doc>
<status status="PASS" start="2024-05-28T01:05:22.245939" elapsed="5.464318"/>
</kw>
<kw name="Go To" owner="SeleniumLibrary">
<msg time="2024-05-28T01:05:27.711258" level="INFO">Opening url 'https://demo.cyclos.org/ui/home'</msg>
<arg>${url}</arg>
<doc>Navigates the current browser window to the provided ``url``.</doc>
<status status="PASS" start="2024-05-28T01:05:27.711258" elapsed="4.639187"/>
</kw>
<kw name="Maximize Browser Window" owner="SeleniumLibrary">
<doc>Maximizes current browser window.</doc>
<status status="PASS" start="2024-05-28T01:05:32.350445" elapsed="0.431484"/>
</kw>
<kw name="Set Selenium Implicit Wait" owner="SeleniumLibrary">
<arg>5</arg>
<doc>Sets the implicit wait value used by Selenium.</doc>
<status status="PASS" start="2024-05-28T01:05:32.781929" elapsed="0.000000"/>
</kw>
<status status="PASS" start="2024-05-28T01:05:22.245939" elapsed="10.535990"/>
</kw>
<kw name="Fill the Login page" owner="LoginResource">
<kw name="Wait Until Element Is Visible" owner="SeleniumLibrary">
<arg>${login_button}</arg>
<doc>Waits until the element ``locator`` is visible.</doc>
<status status="PASS" start="2024-05-28T01:05:32.781929" elapsed="4.041347"/>
</kw>
<kw name="Click Element" owner="SeleniumLibrary">
<msg time="2024-05-28T01:05:36.823276" level="INFO">Clicking element 'xpath:(//div[text()=' Login '])[1]'.</msg>
<arg>${login_button}</arg>
<doc>Click the element identified by ``locator``.</doc>
<status status="PASS" start="2024-05-28T01:05:36.823276" elapsed="0.419623"/>
</kw>
<kw name="Wait Until Element Is Visible" owner="SeleniumLibrary">
<arg>${username_locator}</arg>
<doc>Waits until the element ``locator`` is visible.</doc>
<status status="PASS" start="2024-05-28T01:05:37.242899" elapsed="0.230864"/>
</kw>
<kw name="Input Text" owner="SeleniumLibrary">
<msg time="2024-05-28T01:05:37.489390" level="INFO">Typing text 'demo' into text field 'css:input[placeholder="User"]'.</msg>
<arg>${username_locator}</arg>
<arg>${username}</arg>
<doc>Types the given ``text`` into the text field identified by ``locator``.</doc>
<status status="PASS" start="2024-05-28T01:05:37.473763" elapsed="1.007200"/>
</kw>
<kw name="Wait Until Element Is Visible" owner="SeleniumLibrary">
<arg>${password_locator}</arg>
<doc>Waits until the element ``locator`` is visible.</doc>
<status status="PASS" start="2024-05-28T01:05:38.480963" elapsed="0.140635"/>
</kw>
<kw name="Input Text" owner="SeleniumLibrary">
<msg time="2024-05-28T01:05:38.637229" level="INFO">Typing text '1234' into text field 'css:input[placeholder="Password"]'.</msg>
<arg>${password_locator}</arg>
<arg>${password}</arg>
<doc>Types the given ``text`` into the text field identified by ``locator``.</doc>
<status status="PASS" start="2024-05-28T01:05:38.637229" elapsed="0.493595"/>
</kw>
<kw name="Wait Until Element Is Visible" owner="SeleniumLibrary">
<arg>${submit_btn}</arg>
<doc>Waits until the element ``locator`` is visible.</doc>
<status status="PASS" start="2024-05-28T01:05:39.130824" elapsed="0.062504"/>
</kw>
<kw name="Click Element" owner="SeleniumLibrary">
<msg time="2024-05-28T01:05:39.193328" level="INFO">Clicking element 'xpath://button[@class="btn d-flex justify-content-center align-items-center w-100 h-100 btn-primary btn-action-primary"]'.</msg>
<arg>${submit_btn}</arg>
<doc>Click the element identified by ``locator``.</doc>
<status status="PASS" start="2024-05-28T01:05:39.193328" elapsed="0.161647"/>
</kw>
<status status="PASS" start="2024-05-28T01:05:32.781929" elapsed="6.573046"/>
</kw>
<kw name="Click the Banking Option" owner="HomeResource">
<kw name="Wait Until Element Is Visible" owner="SeleniumLibrary">
<arg>${Banking_Xpath}</arg>
<doc>Waits until the element ``locator`` is visible.</doc>
<status status="PASS" start="2024-05-28T01:05:39.370572" elapsed="2.535520"/>
</kw>
<kw name="Click Element" owner="SeleniumLibrary">
<msg time="2024-05-28T01:05:41.906092" level="INFO">Clicking element 'xpath://a[@id='menu_banking']'.</msg>
<arg>${Banking_Xpath}</arg>
<doc>Click the element identified by ``locator``.</doc>
<status status="PASS" start="2024-05-28T01:05:41.906092" elapsed="0.270460"/>
</kw>
<status status="PASS" start="2024-05-28T01:05:39.370572" elapsed="2.805980"/>
</kw>
<kw name="Verify the Banking page is displayed" owner="HomeResource">
<kw name="Element Text Should Be" owner="SeleniumLibrary">
<msg time="2024-05-28T01:05:42.307601" level="INFO">Verifying element 'xpath://div[text()='Banking']' contains exact text 'Banking'.</msg>
<arg>${Banking_page_verify}</arg>
<arg>${Banking_page_keyword}</arg>
<doc>Verifies that element ``locator`` contains exact the text ``expected``.</doc>
<status status="PASS" start="2024-05-28T01:05:42.307601" elapsed="0.311508"/>
</kw>
<status status="PASS" start="2024-05-28T01:05:42.307601" elapsed="0.314754"/>
</kw>
<kw name="Select the option payment to user" owner="PaymentUser">
<kw name="Wait Until Element Is Visible" owner="SeleniumLibrary">
<arg>${select_payment_to_user}</arg>
<doc>Waits until the element ``locator`` is visible.</doc>
<status status="PASS" start="2024-05-28T01:05:42.622355" elapsed="2.666422"/>
</kw>
<kw name="Click Element" owner="SeleniumLibrary">
<msg time="2024-05-28T01:05:45.304698" level="INFO">Clicking element 'xpath://div[text()="Payment to user"]'.</msg>
<arg>${select_payment_to_user}</arg>
<doc>Click the element identified by ``locator``.</doc>
<status status="PASS" start="2024-05-28T01:05:45.288777" elapsed="1.850334"/>
</kw>
<status status="PASS" start="2024-05-28T01:05:42.622355" elapsed="4.516756"/>
</kw>
<kw name="verify the payment to user page open" owner="PaymentUser">
<kw name="Element Text Should Be" owner="SeleniumLibrary">
<msg time="2024-05-28T01:05:47.718647" level="INFO">Verifying element 'xpath://div[@class="content-title d-flex"]//div' contains exact text 'Payment to user'.</msg>
<arg>${payment_user_title}</arg>
<arg>Payment to user</arg>
<doc>Verifies that element ``locator`` contains exact the text ``expected``.</doc>
<status status="PASS" start="2024-05-28T01:05:47.718647" elapsed="0.408042"/>
</kw>
<status status="PASS" start="2024-05-28T01:05:47.718647" elapsed="0.408042"/>
</kw>
<kw name="Enter the valid amount in the amount field" owner="PaymentUser">
<kw name="Input Text" owner="SeleniumLibrary">
<msg time="2024-05-28T01:05:48.130481" level="INFO">Typing text '10' into text field 'xpath://div[@class="input-group"]//input'.</msg>
<arg>${amount}</arg>
<arg>${amount_data}</arg>
<doc>Types the given ``text`` into the text field identified by ``locator``.</doc>
<status status="PASS" start="2024-05-28T01:05:48.128718" elapsed="1.226502"/>
</kw>
<arg>${amount_data}</arg>
<status status="PASS" start="2024-05-28T01:05:48.127687" elapsed="1.227533"/>
</kw>
<kw name="Click the next Button in payment page" owner="PaymentUser">
<kw name="Wait Until Element Is Visible" owner="SeleniumLibrary">
<arg>${next}</arg>
<doc>Waits until the element ``locator`` is visible.</doc>
<status status="PASS" start="2024-05-28T01:05:49.355220" elapsed="0.062505"/>
</kw>
<kw name="Click Element" owner="SeleniumLibrary">
<msg time="2024-05-28T01:05:49.417725" level="INFO">Clicking element 'xpath://span[text()='Next']'.</msg>
<arg>${next}</arg>
<doc>Click the element identified by ``locator``.</doc>
<status status="PASS" start="2024-05-28T01:05:49.417725" elapsed="0.234413"/>
</kw>
<status status="PASS" start="2024-05-28T01:05:49.355220" elapsed="0.296918"/>
</kw>
<kw name="verify the error message for user to field is given blank" owner="PaymentUser">
<kw name="Element Text Should Be" owner="SeleniumLibrary">
<msg time="2024-05-28T01:05:50.200582" level="INFO">Verifying element 'xpath:(//field-errors)[1]//div' contains exact text 'This field is required'.</msg>
<arg>${to_user_error_msg}</arg>
<arg>This field is required</arg>
<doc>Verifies that element ``locator`` contains exact the text ``expected``.</doc>
<status status="PASS" start="2024-05-28T01:05:50.200582" elapsed="0.100446"/>
</kw>
<status status="PASS" start="2024-05-28T01:05:50.199579" elapsed="0.101449"/>
</kw>
<kw name="Close Browser Session" owner="GenericResource" type="TEARDOWN">
<kw name="Close Browser" owner="SeleniumLibrary">
<doc>Closes the current browser.</doc>
<status status="PASS" start="2024-05-28T01:05:50.582216" elapsed="5.172830"/>
</kw>
<status status="PASS" start="2024-05-28T01:05:50.582216" elapsed="5.172830"/>
</kw>
<tag>regression</tag>
<status status="PASS" start="2024-05-28T01:05:22.245939" elapsed="33.509107"/>
</test>
<test id="s1-t3" name="To validate payment to user functionality with blank amount field" line="44">
<kw name="Open the Browser with URL" owner="GenericResource" type="SETUP">
<kw name="Create Webdriver" owner="SeleniumLibrary">
<msg time="2024-05-28T01:05:55.755046" level="INFO">Creating an instance of the Chrome WebDriver.</msg>
<arg>Chrome</arg>
<doc>Creates an instance of Selenium WebDriver.</doc>
<status status="PASS" start="2024-05-28T01:05:55.755046" elapsed="5.416370"/>
</kw>
<kw name="Go To" owner="SeleniumLibrary">
<msg time="2024-05-28T01:06:01.171416" level="INFO">Opening url 'https://demo.cyclos.org/ui/home'</msg>
<arg>${url}</arg>
<doc>Navigates the current browser window to the provided ``url``.</doc>
<status status="PASS" start="2024-05-28T01:06:01.171416" elapsed="5.012795"/>
</kw>
<kw name="Maximize Browser Window" owner="SeleniumLibrary">
<doc>Maximizes current browser window.</doc>
<status status="PASS" start="2024-05-28T01:06:06.184211" elapsed="0.297895"/>
</kw>
<kw name="Set Selenium Implicit Wait" owner="SeleniumLibrary">
<arg>5</arg>
<doc>Sets the implicit wait value used by Selenium.</doc>
<status status="PASS" start="2024-05-28T01:06:06.482106" elapsed="0.020717"/>
</kw>
<status status="PASS" start="2024-05-28T01:05:55.755046" elapsed="10.747777"/>
</kw>
<kw name="Fill the Login page" owner="LoginResource">
<kw name="Wait Until Element Is Visible" owner="SeleniumLibrary">
<arg>${login_button}</arg>
<doc>Waits until the element ``locator`` is visible.</doc>
<status status="PASS" start="2024-05-28T01:06:06.502823" elapsed="3.319034"/>
</kw>
<kw name="Click Element" owner="SeleniumLibrary">
<msg time="2024-05-28T01:06:09.821857" level="INFO">Clicking element 'xpath:(//div[text()=' Login '])[1]'.</msg>
<arg>${login_button}</arg>
<doc>Click the element identified by ``locator``.</doc>
<status status="PASS" start="2024-05-28T01:06:09.821857" elapsed="0.516996"/>
</kw>
<kw name="Wait Until Element Is Visible" owner="SeleniumLibrary">
<arg>${username_locator}</arg>
<doc>Waits until the element ``locator`` is visible.</doc>
<status status="PASS" start="2024-05-28T01:06:10.338853" elapsed="0.385722"/>
</kw>
<kw name="Input Text" owner="SeleniumLibrary">
<msg time="2024-05-28T01:06:10.724575" level="INFO">Typing text 'demo' into text field 'css:input[placeholder="User"]'.</msg>
<arg>${username_locator}</arg>
<arg>${username}</arg>
<doc>Types the given ``text`` into the text field identified by ``locator``.</doc>
<status status="PASS" start="2024-05-28T01:06:10.724575" elapsed="0.906313"/>
</kw>
<kw name="Wait Until Element Is Visible" owner="SeleniumLibrary">
<arg>${password_locator}</arg>
<doc>Waits until the element ``locator`` is visible.</doc>
<status status="PASS" start="2024-05-28T01:06:11.630888" elapsed="0.203170"/>
</kw>
<kw name="Input Text" owner="SeleniumLibrary">
<msg time="2024-05-28T01:06:11.834058" level="INFO">Typing text '1234' into text field 'css:input[placeholder="Password"]'.</msg>
<arg>${password_locator}</arg>
<arg>${password}</arg>
<doc>Types the given ``text`` into the text field identified by ``locator``.</doc>
<status status="PASS" start="2024-05-28T01:06:11.834058" elapsed="0.421872"/>
</kw>
<kw name="Wait Until Element Is Visible" owner="SeleniumLibrary">
<arg>${submit_btn}</arg>
<doc>Waits until the element ``locator`` is visible.</doc>
<status status="PASS" start="2024-05-28T01:06:12.255930" elapsed="0.204653"/>
</kw>
<kw name="Click Element" owner="SeleniumLibrary">
<msg time="2024-05-28T01:06:12.460583" level="INFO">Clicking element 'xpath://button[@class="btn d-flex justify-content-center align-items-center w-100 h-100 btn-primary btn-action-primary"]'.</msg>
<arg>${submit_btn}</arg>
<doc>Click the element identified by ``locator``.</doc>
<status status="PASS" start="2024-05-28T01:06:12.460583" elapsed="0.204933"/>
</kw>
<status status="PASS" start="2024-05-28T01:06:06.502823" elapsed="6.162693"/>
</kw>
<kw name="Click the Banking Option" owner="HomeResource">
<kw name="Wait Until Element Is Visible" owner="SeleniumLibrary">
<arg>${Banking_Xpath}</arg>
<doc>Waits until the element ``locator`` is visible.</doc>
<status status="PASS" start="2024-05-28T01:06:12.665516" elapsed="2.299708"/>
</kw>
<kw name="Click Element" owner="SeleniumLibrary">
<msg time="2024-05-28T01:06:14.966222" level="INFO">Clicking element 'xpath://a[@id='menu_banking']'.</msg>
<arg>${Banking_Xpath}</arg>
<doc>Click the element identified by ``locator``.</doc>
<status status="PASS" start="2024-05-28T01:06:14.966222" elapsed="0.349246"/>
</kw>
<status status="PASS" start="2024-05-28T01:06:12.665516" elapsed="2.649952"/>
</kw>
<kw name="Verify the Banking page is displayed" owner="HomeResource">
<kw name="Element Text Should Be" owner="SeleniumLibrary">
<msg time="2024-05-28T01:06:15.328455" level="INFO">Verifying element 'xpath://div[text()='Banking']' contains exact text 'Banking'.</msg>
<arg>${Banking_page_verify}</arg>
<arg>${Banking_page_keyword}</arg>
<doc>Verifies that element ``locator`` contains exact the text ``expected``.</doc>
<status status="PASS" start="2024-05-28T01:06:15.328455" elapsed="0.322116"/>
</kw>
<status status="PASS" start="2024-05-28T01:06:15.324582" elapsed="0.325989"/>
</kw>
<kw name="Select the option payment to user" owner="PaymentUser">
<kw name="Wait Until Element Is Visible" owner="SeleniumLibrary">
<arg>${select_payment_to_user}</arg>
<doc>Waits until the element ``locator`` is visible.</doc>
<status status="PASS" start="2024-05-28T01:06:15.653439" elapsed="3.971083"/>
</kw>
<kw name="Click Element" owner="SeleniumLibrary">
<msg time="2024-05-28T01:06:19.638098" level="INFO">Clicking element 'xpath://div[text()="Payment to user"]'.</msg>
<arg>${select_payment_to_user}</arg>
<doc>Click the element identified by ``locator``.</doc>
<status status="PASS" start="2024-05-28T01:06:19.638098" elapsed="0.631449"/>
</kw>
<status status="PASS" start="2024-05-28T01:06:15.651571" elapsed="4.617976"/>
</kw>
<kw name="verify the payment to user page open" owner="PaymentUser">
<kw name="Element Text Should Be" owner="SeleniumLibrary">
<msg time="2024-05-28T01:06:20.877344" level="INFO">Verifying element 'xpath://div[@class="content-title d-flex"]//div' contains exact text 'Payment to user'.</msg>
<arg>${payment_user_title}</arg>
<arg>Payment to user</arg>
<doc>Verifies that element ``locator`` contains exact the text ``expected``.</doc>
<status status="PASS" start="2024-05-28T01:06:20.877344" elapsed="0.109384"/>
</kw>
<status status="PASS" start="2024-05-28T01:06:20.877344" elapsed="0.109384"/>
</kw>
<kw name="Enter the username in the to user field" owner="PaymentUser">
<kw name="Input Text" owner="SeleniumLibrary">
<msg time="2024-05-28T01:06:20.986728" level="INFO">Typing text 'demo' into text field 'xpath://input[@placeholder="Type to search"]'.</msg>
<arg>${to_User}</arg>
<arg>${user_name}</arg>
<doc>Types the given ``text`` into the text field identified by ``locator``.</doc>
<status status="PASS" start="2024-05-28T01:06:20.986728" elapsed="0.751235"/>
</kw>
<arg>${user_name}</arg>
<status status="PASS" start="2024-05-28T01:06:20.986728" elapsed="0.751235"/>
</kw>
<kw name="Select the user" owner="PaymentUser">
<kw name="Click Element" owner="SeleniumLibrary">
<msg time="2024-05-28T01:06:21.756956" level="INFO">Clicking element 'xpath://div[@role='listbox']/a[text()=' Demo one ']'.</msg>
<arg>${user_select}</arg>
<doc>Click the element identified by ``locator``.</doc>
<status status="PASS" start="2024-05-28T01:06:21.756956" elapsed="2.044796"/>
</kw>
<status status="PASS" start="2024-05-28T01:06:21.753952" elapsed="2.047800"/>
</kw>
<kw name="Click the scheduling dropdown button" owner="PaymentUser">
<kw name="Click Element" owner="SeleniumLibrary">
<msg time="2024-05-28T01:06:23.803752" level="INFO">Clicking element 'xpath://button[@class='form-control text-left custom-select w-100']'.</msg>
<arg>${Scheduling}</arg>
<doc>Click the element identified by ``locator``.</doc>
<status status="PASS" start="2024-05-28T01:06:23.802751" elapsed="1.989144"/>
</kw>
<status status="PASS" start="2024-05-28T01:06:23.802751" elapsed="1.989144"/>
</kw>
<kw name="Click the monthly installment option" owner="PaymentUser">
<kw name="Click Element" owner="SeleniumLibrary">
<msg time="2024-05-28T01:06:25.823685" level="INFO">Clicking element 'xpath://div[@role='listbox']//a[text()=' Monthly installments ']'.</msg>
<arg>${monthly_inst_option}</arg>
<doc>Click the element identified by ``locator``.</doc>
<status status="PASS" start="2024-05-28T01:06:25.822685" elapsed="1.027269"/>
</kw>
<status status="PASS" start="2024-05-28T01:06:25.806500" elapsed="1.043454"/>
</kw>
<kw name="Fill the no of installments" owner="PaymentUser">
<kw name="Input Text" owner="SeleniumLibrary">
<msg time="2024-05-28T01:06:26.921895" level="INFO">Typing text '5' into text field 'xpath://div[@class='d-flex label-value-value']//input[@type='number']'.</msg>
<arg>${no_of_installments}</arg>
<arg>${no_of_installments_data}</arg>
<doc>Types the given ``text`` into the text field identified by ``locator``.</doc>
<status status="PASS" start="2024-05-28T01:06:26.920895" elapsed="0.429762"/>
</kw>
<arg>${inst_no}</arg>
<status status="PASS" start="2024-05-28T01:06:26.919893" elapsed="0.430764"/>
</kw>
<kw name="Click the first installment" owner="PaymentUser">
<kw name="Click Element" owner="SeleniumLibrary">
<msg time="2024-05-28T01:06:27.366394" level="INFO">Clicking element 'xpath://label[@class='custom-control-label' and text()=' Future date ']'.</msg>
<arg>${first_instal}</arg>
<doc>Click the element identified by ``locator``.</doc>
<status status="PASS" start="2024-05-28T01:06:27.365394" elapsed="0.214385"/>
</kw>
<status status="PASS" start="2024-05-28T01:06:27.364394" elapsed="0.215385"/>
</kw>
<kw name="Fill the future date" owner="PaymentUser">
<kw name="Input Text" owner="SeleniumLibrary">
<msg time="2024-05-28T01:06:27.579779" level="INFO">Typing text '30-05-2024' into text field 'xpath://div[@class='d-flex label-value-value']//input[@type='date']'.</msg>
<arg>${future_date}</arg>
<arg>${fut_date}</arg>
<doc>Types the given ``text`` into the text field identified by ``locator``.</doc>
<status status="PASS" start="2024-05-28T01:06:27.579779" elapsed="0.715258"/>
</kw>
<arg>${fut_date}</arg>
<status status="PASS" start="2024-05-28T01:06:27.579779" elapsed="0.715258"/>
</kw>
<kw name="Fill the description" owner="PaymentUser">
<kw name="Input Text" owner="SeleniumLibrary">
<msg time="2024-05-28T01:06:28.357181" level="INFO">Typing text 'Monthly Installments' into text field 'xpath://div[@class='d-flex label-value-value']//textarea'.</msg>
<arg>${descrip_xpath}</arg>
<arg>${description}</arg>
<doc>Types the given ``text`` into the text field identified by ``locator``.</doc>
<status status="PASS" start="2024-05-28T01:06:28.355181" elapsed="0.866613"/>
</kw>
<arg>${description}</arg>
<status status="PASS" start="2024-05-28T01:06:28.354179" elapsed="0.867615"/>
</kw>
<kw name="Click the next Button in payment page" owner="PaymentUser">
<kw name="Wait Until Element Is Visible" owner="SeleniumLibrary">
<arg>${next}</arg>
<doc>Waits until the element ``locator`` is visible.</doc>
<status status="PASS" start="2024-05-28T01:06:29.228357" elapsed="0.075173"/>
</kw>
<kw name="Click Element" owner="SeleniumLibrary">
<msg time="2024-05-28T01:06:29.307629" level="INFO">Clicking element 'xpath://span[text()='Next']'.</msg>
<arg>${next}</arg>
<doc>Click the element identified by ``locator``.</doc>
<status status="PASS" start="2024-05-28T01:06:29.304527" elapsed="0.549564"/>
</kw>
<status status="PASS" start="2024-05-28T01:06:29.226358" elapsed="0.627733"/>
</kw>
<kw name="verify the error message for amount field is given blank" owner="PaymentUser">
<kw name="Element Text Should Be" owner="SeleniumLibrary">
<msg time="2024-05-28T01:06:29.964331" level="INFO">Verifying element 'xpath:(//field-errors)[2]//div' contains exact text 'This field is required'.</msg>
<arg>${amount_error_msg}</arg>
<arg>This field is required</arg>
<doc>Verifies that element ``locator`` contains exact the text ``expected``.</doc>
<status status="PASS" start="2024-05-28T01:06:29.964331" elapsed="0.075158"/>
</kw>
<status status="PASS" start="2024-05-28T01:06:29.964331" elapsed="0.075158"/>
</kw>
<kw name="Close Browser Session" owner="GenericResource" type="TEARDOWN">
<kw name="Close Browser" owner="SeleniumLibrary">
<doc>Closes the current browser.</doc>
<status status="PASS" start="2024-05-28T01:06:30.055115" elapsed="4.006932"/>
</kw>
<status status="PASS" start="2024-05-28T01:06:30.055115" elapsed="4.006932"/>
</kw>
<tag>regression</tag>
<status status="PASS" start="2024-05-28T01:05:55.755046" elapsed="38.307001"/>
</test>
<test id="s1-t4" name="To validate payment to user functionality with blank fields" line="62">
<kw name="Open the Browser with URL" owner="GenericResource" type="SETUP">
<kw name="Create Webdriver" owner="SeleniumLibrary">
<msg time="2024-05-28T01:06:34.062047" level="INFO">Creating an instance of the Chrome WebDriver.</msg>
<arg>Chrome</arg>
<doc>Creates an instance of Selenium WebDriver.</doc>
<status status="PASS" start="2024-05-28T01:06:34.062047" elapsed="6.061423"/>
</kw>
<kw name="Go To" owner="SeleniumLibrary">
<msg time="2024-05-28T01:06:40.124472" level="INFO">Opening url 'https://demo.cyclos.org/ui/home'</msg>
<msg time="2024-05-28T01:12:09.676563" level="WARN">Retrying (Retry(total=2, connect=None, read=None, redirect=None, status=None)) after connection broken by 'ConnectionResetError(10054, 'An existing connection was forcibly closed by the remote host', None, 10054, None)': /session/5a96fc58acb6defd9075f92eaa6f9a37/screenshot</msg>
<msg time="2024-05-28T01:12:13.943369" level="WARN">Retrying (Retry(total=1, connect=None, read=None, redirect=None, status=None)) after connection broken by 'NewConnectionError('&lt;urllib3.connection.HTTPConnection object at 0x000001E1CDC6D9A0&gt;: Failed to establish a new connection: [WinError 10061] No connection could be made because the target machine actively refused it')': /session/5a96fc58acb6defd9075f92eaa6f9a37/screenshot</msg>
<msg time="2024-05-28T01:12:17.998046" level="WARN">Retrying (Retry(total=0, connect=None, read=None, redirect=None, status=None)) after connection broken by 'NewConnectionError('&lt;urllib3.connection.HTTPConnection object at 0x000001E1CDC6CE90&gt;: Failed to establish a new connection: [WinError 10061] No connection could be made because the target machine actively refused it')': /session/5a96fc58acb6defd9075f92eaa6f9a37/screenshot</msg>
<msg time="2024-05-28T01:12:22.104561" level="WARN">Keyword 'Capture Page Screenshot' could not be run on failure: HTTPConnectionPool(host='localhost', port=56205): Max retries exceeded with url: /session/5a96fc58acb6defd9075f92eaa6f9a37/screenshot (Caused by NewConnectionError('&lt;urllib3.connection.HTTPConnection object at 0x000001E1CDC6CD70&gt;: Failed to establish a new connection: [WinError 10061] No connection could be made because the target machine actively refused it'))</msg>
<msg time="2024-05-28T01:12:22.120073" level="FAIL">TimeoutException: Message: timeout: Timed out receiving message from renderer: 300.000
  (Session info: chrome=125.0.6422.78)
Stacktrace:
	GetHandleVerifier [0x00007FF77DC01F22+60322]
	(No symbol) [0x00007FF77DB7CE99]
	(No symbol) [0x00007FF77DA37EBA]
	(No symbol) [0x00007FF77DA2070D]
	(No symbol) [0x00007FF77DA20410]
	(No symbol) [0x00007FF77DA1E39D]
	(No symbol) [0x00007FF77DA1EBAF]
	(No symbol) [0x00007FF77DA2D97E]
	(No symbol) [0x00007FF77DA45C6F]
	(No symbol) [0x00007FF77DA4B67A]
	(No symbol) [0x00007FF77DA1F33A]
	(No symbol) [0x00007FF77DA459B1]
	(No symbol) [0x00007FF77DACBB5B]
	(No symbol) [0x00007FF77DAABFC3]
	(No symbol) [0x00007FF77DA79617]
	(No symbol) [0x00007FF77DA7A211]
	GetHandleVerifier [0x00007FF77DF1946D+3301613]
	GetHandleVerifier [0x00007FF77DF63693+3605267]
	GetHandleVerifier [0x00007FF77DF59410+3563664]
	GetHandleVerifier [0x00007FF77DCB42F6+790390]
	(No symbol) [0x00007FF77DB874DF]
	(No symbol) [0x00007FF77DB833D4]
	(No symbol) [0x00007FF77DB83562]
	(No symbol) [0x00007FF77DB72F6F]
	BaseThreadInitThunk [0x00007FFB56E4257D+29]
	RtlUserThreadStart [0x00007FFB57BCAA48+40]
</msg>
<arg>${url}</arg>
<doc>Navigates the current browser window to the provided ``url``.</doc>
<status status="FAIL" start="2024-05-28T01:06:40.124472" elapsed="342.342113">TimeoutException: Message: timeout: Timed out receiving message from renderer: 300.000
  (Session info: chrome=125.0.6422.78)
Stacktrace:
	GetHandleVerifier [0x00007FF77DC01F22+60322]
	(No symbol) [0x00007FF77DB7CE99]
	(No symbol) [0x00007FF77DA37EBA]
	(No symbol) [0x00007FF77DA2070D]
	(No symbol) [0x00007FF77DA20410]
	(No symbol) [0x00007FF77DA1E39D]
	(No symbol) [0x00007FF77DA1EBAF]
	(No symbol) [0x00007FF77DA2D97E]
	(No symbol) [0x00007FF77DA45C6F]
	(No symbol) [0x00007FF77DA4B67A]
	(No symbol) [0x00007FF77DA1F33A]
	(No symbol) [0x00007FF77DA459B1]
	(No symbol) [0x00007FF77DACBB5B]
	(No symbol) [0x00007FF77DAABFC3]
	(No symbol) [0x00007FF77DA79617]
	(No symbol) [0x00007FF77DA7A211]
	GetHandleVerifier [0x00007FF77DF1946D+3301613]
	GetHandleVerifier [0x00007FF77DF63693+3605267]
	GetHandleVerifier [0x00007FF77DF59410+3563664]
	GetHandleVerifier [0x00007FF77DCB42F6+790390]
	(No symbol) [0x00007FF77DB874DF]
	(No symbol) [0x00007FF77DB833D4]
	(No symbol) [0x00007FF77DB83562]
	(No symbol) [0x00007FF77DB72F6F]
	BaseThreadInitThunk [0x00007FFB56E4257D+29]
	RtlUserThreadStart [0x00007FFB57BCAA48+40]
</status>
</kw>
<kw name="Maximize Browser Window" owner="SeleniumLibrary">
<doc>Maximizes current browser window.</doc>
<status status="NOT RUN" start="2024-05-28T01:12:22.475973" elapsed="0.000000"/>
</kw>
<kw name="Set Selenium Implicit Wait" owner="SeleniumLibrary">
<arg>5</arg>
<doc>Sets the implicit wait value used by Selenium.</doc>
<status status="NOT RUN" start="2024-05-28T01:12:22.475973" elapsed="0.000000"/>
</kw>
<status status="FAIL" start="2024-05-28T01:06:34.062047" elapsed="348.413926">TimeoutException: Message: timeout: Timed out receiving message from renderer: 300.000
  (Session info: chrome=125.0.6422.78)
Stacktrace:
	GetHandleVerifier [0x00007FF77DC01F22+60322]
	(No symbol) [0x00007FF77DB7CE99]
	(No symbol) [0x00007FF77DA37EBA]
	(No symbol) [0x00007FF77DA2070D]
	(No symbol) [0x00007FF77DA20410]
	(No symbol) [0x00007FF77DA1E39D]
	(No symbol) [0x00007FF77DA1EBAF]
	(No symbol) [0x00007FF77DA2D97E]
	(No symbol) [0x00007FF77DA45C6F]
	(No symbol) [0x00007FF77DA4B67A]
	(No symbol) [0x00007FF77DA1F33A]
	(No symbol) [0x00007FF77DA459B1]
	(No symbol) [0x00007FF77DACBB5B]
	(No symbol) [0x00007FF77DAABFC3]
	(No symbol) [0x00007FF77DA79617]
	(No symbol) [0x00007FF77DA7A211]
	GetHandleVerifier [0x00007FF77DF1946D+3301613]
	GetHandleVerifier [0x00007FF77DF63693+3605267]
	GetHandleVerifier [0x00007FF77DF59410+3563664]
	GetHandleVerifier [0x00007FF77DCB42F6+790390]
	(No symbol) [0x00007FF77DB874DF]
	(No symbol) [0x00007FF77DB833D4]
	(No symbol) [0x00007FF77DB83562]
	(No symbol) [0x00007FF77DB72F6F]
	BaseThreadInitThunk [0x00007FFB56E4257D+29]
	RtlUserThreadStart [0x00007FFB57BCAA48+40]
</status>
</kw>
<kw name="Close Browser Session" owner="GenericResource" type="TEARDOWN">
<kw name="Close Browser" owner="SeleniumLibrary">
<msg time="2024-05-28T01:12:26.559773" level="WARN">Retrying (Retry(total=2, connect=None, read=None, redirect=None, status=None)) after connection broken by 'NewConnectionError('&lt;urllib3.connection.HTTPConnection object at 0x000001E1CDC545C0&gt;: Failed to establish a new connection: [WinError 10061] No connection could be made because the target machine actively refused it')': /session/5a96fc58acb6defd9075f92eaa6f9a37</msg>
<msg time="2024-05-28T01:12:30.650200" level="WARN">Retrying (Retry(total=1, connect=None, read=None, redirect=None, status=None)) after connection broken by 'NewConnectionError('&lt;urllib3.connection.HTTPConnection object at 0x000001E1CDC561E0&gt;: Failed to establish a new connection: [WinError 10061] No connection could be made because the target machine actively refused it')': /session/5a96fc58acb6defd9075f92eaa6f9a37</msg>
<msg time="2024-05-28T01:12:34.755430" level="WARN">Retrying (Retry(total=0, connect=None, read=None, redirect=None, status=None)) after connection broken by 'NewConnectionError('&lt;urllib3.connection.HTTPConnection object at 0x000001E1CDC56CF0&gt;: Failed to establish a new connection: [WinError 10061] No connection could be made because the target machine actively refused it')': /session/5a96fc58acb6defd9075f92eaa6f9a37</msg>
<doc>Closes the current browser.</doc>
<status status="PASS" start="2024-05-28T01:12:22.475973" elapsed="20.849555"/>
</kw>
<status status="PASS" start="2024-05-28T01:12:22.475973" elapsed="20.849555"/>
</kw>
<tag>smoke</tag>
<status status="FAIL" start="2024-05-28T01:06:34.062047" elapsed="370.223511">Setup failed:
TimeoutException: Message: timeout: Timed out receiving message from renderer: 300.000
  (Session info: chrome=125.0.6422.78)
Stacktrace:
	GetHandleVerifier [0x00007FF77DC01F22+60322]
	(No symbol) [0x00007FF77DB7CE99]
	(No symbol) [0x00007FF77DA37EBA]
	(No symbol) [0x00007FF77DA2070D]
	(No symbol) [0x00007FF77DA20410]
	(No symbol) [0x00007FF77DA1E39D]
	(No symbol) [0x00007FF77DA1EBAF]
	(No symbol) [0x00007FF77DA2D97E]
	(No symbol) [0x00007FF77DA45C6F]
	(No symbol) [0x00007FF77DA4B67A]
	(No symbol) [0x00007FF77DA1F33A]
	(No symbol) [0x00007FF77DA459B1]
	(No symbol) [0x00007FF77DACBB5B]
	(No symbol) [0x00007FF77DAABFC3]
	(No symbol) [0x00007FF77DA79617]
	(No symbol) [0x00007FF77DA7A211]
	GetHandleVerifier [0x00007FF77DF1946D+3301613]
	GetHandleVerifier [0x00007FF77DF63693+3605267]
	GetHandleVerifier [0x00007FF77DF59410+3563664]
	GetHandleVerifier [0x00007FF77DCB42F6+790390]
	(No symbol) [0x00007FF77DB874DF]
	(No symbol) [0x00007FF77DB833D4]
	(No symbol) [0x00007FF77DB83562]
	(No symbol) [0x00007FF77DB72F6F]
	BaseThreadInitThunk [0x00007FFB56E4257D+29]
	RtlUserThreadStart [0x00007FFB57BCAA48+40]
</status>
</test>
<doc>To validate Banking - payment to user Functionality</doc>
<status status="FAIL" start="2024-05-28T01:04:28.020222" elapsed="496.312212"/>
</suite>
<statistics>
<total>
<stat pass="3" fail="1" skip="0">All Tests</stat>
</total>
<tag>
<stat pass="2" fail="0" skip="0">regression</stat>
<stat pass="1" fail="1" skip="0">smoke</stat>
</tag>
<suite>
<stat pass="3" fail="1" skip="0" id="s1" name="Test Payment To User">Test Payment To User</stat>
</suite>
</statistics>
<errors>
<msg time="2024-05-28T01:12:09.676563" level="WARN">Retrying (Retry(total=2, connect=None, read=None, redirect=None, status=None)) after connection broken by 'ConnectionResetError(10054, 'An existing connection was forcibly closed by the remote host', None, 10054, None)': /session/5a96fc58acb6defd9075f92eaa6f9a37/screenshot</msg>
<msg time="2024-05-28T01:12:13.943369" level="WARN">Retrying (Retry(total=1, connect=None, read=None, redirect=None, status=None)) after connection broken by 'NewConnectionError('&lt;urllib3.connection.HTTPConnection object at 0x000001E1CDC6D9A0&gt;: Failed to establish a new connection: [WinError 10061] No connection could be made because the target machine actively refused it')': /session/5a96fc58acb6defd9075f92eaa6f9a37/screenshot</msg>
<msg time="2024-05-28T01:12:17.998046" level="WARN">Retrying (Retry(total=0, connect=None, read=None, redirect=None, status=None)) after connection broken by 'NewConnectionError('&lt;urllib3.connection.HTTPConnection object at 0x000001E1CDC6CE90&gt;: Failed to establish a new connection: [WinError 10061] No connection could be made because the target machine actively refused it')': /session/5a96fc58acb6defd9075f92eaa6f9a37/screenshot</msg>
<msg time="2024-05-28T01:12:22.104561" level="WARN">Keyword 'Capture Page Screenshot' could not be run on failure: HTTPConnectionPool(host='localhost', port=56205): Max retries exceeded with url: /session/5a96fc58acb6defd9075f92eaa6f9a37/screenshot (Caused by NewConnectionError('&lt;urllib3.connection.HTTPConnection object at 0x000001E1CDC6CD70&gt;: Failed to establish a new connection: [WinError 10061] No connection could be made because the target machine actively refused it'))</msg>
<msg time="2024-05-28T01:12:26.559773" level="WARN">Retrying (Retry(total=2, connect=None, read=None, redirect=None, status=None)) after connection broken by 'NewConnectionError('&lt;urllib3.connection.HTTPConnection object at 0x000001E1CDC545C0&gt;: Failed to establish a new connection: [WinError 10061] No connection could be made because the target machine actively refused it')': /session/5a96fc58acb6defd9075f92eaa6f9a37</msg>
<msg time="2024-05-28T01:12:30.650200" level="WARN">Retrying (Retry(total=1, connect=None, read=None, redirect=None, status=None)) after connection broken by 'NewConnectionError('&lt;urllib3.connection.HTTPConnection object at 0x000001E1CDC561E0&gt;: Failed to establish a new connection: [WinError 10061] No connection could be made because the target machine actively refused it')': /session/5a96fc58acb6defd9075f92eaa6f9a37</msg>
<msg time="2024-05-28T01:12:34.755430" level="WARN">Retrying (Retry(total=0, connect=None, read=None, redirect=None, status=None)) after connection broken by 'NewConnectionError('&lt;urllib3.connection.HTTPConnection object at 0x000001E1CDC56CF0&gt;: Failed to establish a new connection: [WinError 10061] No connection could be made because the target machine actively refused it')': /session/5a96fc58acb6defd9075f92eaa6f9a37</msg>
</errors>
</robot>
