<?xml version="1.0" encoding="UTF-8"?>
<robot generator="Robot 7.0 (Python 3.12.3 on win32)" generated="2024-05-28T15:42:17.960274" rpa="false" schemaversion="5">
<suite id="s1" name="Test User Payment" source="I:\CYCLOS\CYCLOS-PROJECT\PilotProject_Cyclos_Team1\TestCases\test_user_payment.robot">
<test id="s1-t1" name="To validate payment to user functionality with valid data" line="12">
<kw name="Open the Browser with URL" owner="GenericResource" type="SETUP">
<kw name="Create Webdriver" owner="SeleniumLibrary">
<msg time="2024-05-28T15:42:19.335727" level="INFO">Creating an instance of the Chrome WebDriver.</msg>
<arg>Chrome</arg>
<doc>Creates an instance of Selenium WebDriver.</doc>
<status status="PASS" start="2024-05-28T15:42:19.335727" elapsed="10.145343"/>
</kw>
<kw name="Go To" owner="SeleniumLibrary">
<msg time="2024-05-28T15:42:29.482075" level="INFO">Opening url 'https://demo.cyclos.org/ui/home'</msg>
<arg>${url}</arg>
<doc>Navigates the current browser window to the provided ``url``.</doc>
<status status="PASS" start="2024-05-28T15:42:29.482075" elapsed="9.496037"/>
</kw>
<kw name="Maximize Browser Window" owner="SeleniumLibrary">
<doc>Maximizes current browser window.</doc>
<status status="PASS" start="2024-05-28T15:42:38.978112" elapsed="1.425213"/>
</kw>
<kw name="Set Selenium Implicit Wait" owner="SeleniumLibrary">
<arg>5</arg>
<doc>Sets the implicit wait value used by Selenium.</doc>
<status status="PASS" start="2024-05-28T15:42:40.403325" elapsed="0.005935"/>
</kw>
<status status="PASS" start="2024-05-28T15:42:19.300480" elapsed="21.108780"/>
</kw>
<kw name="Fill the Login page" owner="LoginResource">
<kw name="Wait Until Element Is Visible" owner="SeleniumLibrary">
<arg>${login_button}</arg>
<doc>Waits until the element ``locator`` is visible.</doc>
<status status="PASS" start="2024-05-28T15:42:40.454461" elapsed="4.983570"/>
</kw>
<kw name="Click Element" owner="SeleniumLibrary">
<msg time="2024-05-28T15:42:45.438031" level="INFO">Clicking element 'xpath:(//div[text()=' Login '])[1]'.</msg>
<arg>${login_button}</arg>
<doc>Click the element identified by ``locator``.</doc>
<status status="PASS" start="2024-05-28T15:42:45.438031" elapsed="3.867686"/>
</kw>
<kw name="Wait Until Element Is Visible" owner="SeleniumLibrary">
<arg>${username_locator}</arg>
<doc>Waits until the element ``locator`` is visible.</doc>
<status status="PASS" start="2024-05-28T15:42:49.305717" elapsed="0.290786"/>
</kw>
<kw name="Input Text" owner="SeleniumLibrary">
<msg time="2024-05-28T15:42:49.596503" level="INFO">Typing text 'demo' into text field 'css:input[placeholder="User"]'.</msg>
<arg>${username_locator}</arg>
<arg>${username}</arg>
<doc>Types the given ``text`` into the text field identified by ``locator``.</doc>
<status status="PASS" start="2024-05-28T15:42:49.596503" elapsed="0.619982"/>
</kw>
<kw name="Wait Until Element Is Visible" owner="SeleniumLibrary">
<arg>${password_locator}</arg>
<doc>Waits until the element ``locator`` is visible.</doc>
<status status="PASS" start="2024-05-28T15:42:50.216485" elapsed="0.078130"/>
</kw>
<kw name="Input Text" owner="SeleniumLibrary">
<msg time="2024-05-28T15:42:50.294615" level="INFO">Typing text '1234' into text field 'css:input[placeholder="Password"]'.</msg>
<arg>${password_locator}</arg>
<arg>${password}</arg>
<doc>Types the given ``text`` into the text field identified by ``locator``.</doc>
<status status="PASS" start="2024-05-28T15:42:50.294615" elapsed="1.161923"/>
</kw>
<kw name="Wait Until Element Is Visible" owner="SeleniumLibrary">
<arg>${submit_btn}</arg>
<doc>Waits until the element ``locator`` is visible.</doc>
<status status="PASS" start="2024-05-28T15:42:51.456538" elapsed="0.109383"/>
</kw>
<kw name="Click Element" owner="SeleniumLibrary">
<msg time="2024-05-28T15:42:51.581548" level="INFO">Clicking element 'xpath://button[@class="btn d-flex justify-content-center align-items-center w-100 h-100 btn-primary btn-action-primary"]'.</msg>
<arg>${submit_btn}</arg>
<doc>Click the element identified by ``locator``.</doc>
<status status="PASS" start="2024-05-28T15:42:51.581548" elapsed="0.125007"/>
</kw>
<arg>demo</arg>
<arg>1234</arg>
<status status="PASS" start="2024-05-28T15:42:40.424271" elapsed="11.282284"/>
</kw>
<kw name="Click the Banking Option" owner="HomeResource">
<kw name="Wait Until Element Is Visible" owner="SeleniumLibrary">
<arg>${Banking_Xpath}</arg>
<doc>Waits until the element ``locator`` is visible.</doc>
<status status="PASS" start="2024-05-28T15:42:51.753433" elapsed="1.621684"/>
</kw>
<kw name="Click Element" owner="SeleniumLibrary">
<msg time="2024-05-28T15:42:53.375117" level="INFO">Clicking element 'xpath://a[@id='menu_banking']'.</msg>
<arg>${Banking_Xpath}</arg>
<doc>Click the element identified by ``locator``.</doc>
<status status="PASS" start="2024-05-28T15:42:53.375117" elapsed="0.758808"/>
</kw>
<status status="PASS" start="2024-05-28T15:42:51.753433" elapsed="2.380492"/>
</kw>
<kw name="Verify the Banking page is displayed" owner="HomeResource">
<kw name="Element Text Should Be" owner="SeleniumLibrary">
<msg time="2024-05-28T15:42:54.227683" level="INFO">Verifying element 'xpath://div[text()='Banking']' contains exact text 'Banking'.</msg>
<arg>${Banking_page_verify}</arg>
<arg>${Banking_page_keyword}</arg>
<doc>Verifies that element ``locator`` contains exact the text ``expected``.</doc>
<status status="PASS" start="2024-05-28T15:42:54.227683" elapsed="1.659551"/>
</kw>
<status status="PASS" start="2024-05-28T15:42:54.227683" elapsed="1.659551"/>
</kw>
<kw name="Select the option payment to user" owner="PaymentUser">
<kw name="Wait Until Element Is Visible" owner="SeleniumLibrary">
<msg time="2024-05-28T15:43:01.790768" level="INFO" html="true">&lt;/td&gt;&lt;/tr&gt;&lt;tr&gt;&lt;td colspan="3"&gt;&lt;a href="selenium-screenshot-13.png"&gt;&lt;img src="selenium-screenshot-13.png" width="800px"&gt;&lt;/a&gt;</msg>
<msg time="2024-05-28T15:43:01.790768" level="FAIL">Element 'xpath://div[text()="Payment to user"]' not visible after 5 seconds.</msg>
<arg>${select_payment_to_user}</arg>
<doc>Waits until the element ``locator`` is visible.</doc>
<status status="FAIL" start="2024-05-28T15:42:56.215379" elapsed="5.589684">Element 'xpath://div[text()="Payment to user"]' not visible after 5 seconds.</status>
</kw>
<kw name="Click Element" owner="SeleniumLibrary">
<arg>${select_payment_to_user}</arg>
<doc>Click the element identified by ``locator``.</doc>
<status status="NOT RUN" start="2024-05-28T15:43:01.805063" elapsed="0.000000"/>
</kw>
<status status="FAIL" start="2024-05-28T15:42:56.215379" elapsed="5.589684">Element 'xpath://div[text()="Payment to user"]' not visible after 5 seconds.</status>
</kw>
<kw name="verify the payment to user page open" owner="PaymentUser">
<status status="NOT RUN" start="2024-05-28T15:43:01.805063" elapsed="0.000000"/>
</kw>
<kw name="Enter the username in the to user field" owner="PaymentUser">
<arg>${user_name}</arg>
<status status="NOT RUN" start="2024-05-28T15:43:01.805063" elapsed="0.000000"/>
</kw>
<kw name="Select the user" owner="PaymentUser">
<status status="NOT RUN" start="2024-05-28T15:43:01.805063" elapsed="0.000000"/>
</kw>
<kw name="Enter the valid amount in the amount field" owner="PaymentUser">
<arg>${amount_data}</arg>
<status status="NOT RUN" start="2024-05-28T15:43:01.820074" elapsed="0.000000"/>
</kw>
<kw name="Click the scheduling dropdown button" owner="PaymentUser">
<status status="NOT RUN" start="2024-05-28T15:43:02.338313" elapsed="0.000996"/>
</kw>
<kw name="Click the monthly installment option" owner="PaymentUser">
<status status="NOT RUN" start="2024-05-28T15:43:02.341310" elapsed="0.000000"/>
</kw>
<kw name="Fill the no of installments" owner="PaymentUser">
<arg>${inst_no}</arg>
<status status="NOT RUN" start="2024-05-28T15:43:02.342908" elapsed="0.000000"/>
</kw>
<kw name="Click the first installment" owner="PaymentUser">
<status status="NOT RUN" start="2024-05-28T15:43:02.342908" elapsed="0.000000"/>
</kw>
<kw name="Fill the future date" owner="PaymentUser">
<arg>${fut_date}</arg>
<status status="NOT RUN" start="2024-05-28T15:43:02.342908" elapsed="0.000000"/>
</kw>
<kw name="Fill the description" owner="PaymentUser">
<arg>${description}</arg>
<status status="NOT RUN" start="2024-05-28T15:43:02.342908" elapsed="0.000000"/>
</kw>
<kw name="Click the next Button in payment page" owner="PaymentUser">
<status status="NOT RUN" start="2024-05-28T15:43:02.342908" elapsed="0.000000"/>
</kw>
<kw name="Verify the confirmation page is displayed" owner="PaymentUser">
<status status="NOT RUN" start="2024-05-28T15:43:02.342908" elapsed="0.000000"/>
</kw>
<kw name="Click the confirm button in the payment page" owner="PaymentUser">
<status status="NOT RUN" start="2024-05-28T15:43:02.357316" elapsed="0.000000"/>
</kw>
<kw name="verify the succesfull payment notification" owner="PaymentUser">
<status status="NOT RUN" start="2024-05-28T15:43:02.357316" elapsed="0.000000"/>
</kw>
<kw name="Close Browser Session" owner="GenericResource" type="TEARDOWN">
<kw name="Close Browser" owner="SeleniumLibrary">
<doc>Closes the current browser.</doc>
<status status="PASS" start="2024-05-28T15:43:02.360215" elapsed="10.851630"/>
</kw>
<status status="PASS" start="2024-05-28T15:43:02.360215" elapsed="10.851630"/>
</kw>
<tag>smoke</tag>
<status status="FAIL" start="2024-05-28T15:42:19.300480" elapsed="53.911365">Element 'xpath://div[text()="Payment to user"]' not visible after 5 seconds.</status>
</test>
<test id="s1-t2" name="To validate payment to user functionality with blank user name" line="33">
<kw name="Open the Browser with URL" owner="GenericResource" type="SETUP">
<kw name="Create Webdriver" owner="SeleniumLibrary">
<msg time="2024-05-28T15:43:13.211845" level="INFO">Creating an instance of the Chrome WebDriver.</msg>
<arg>Chrome</arg>
<doc>Creates an instance of Selenium WebDriver.</doc>
<status status="PASS" start="2024-05-28T15:43:13.211845" elapsed="5.669580"/>
</kw>
<kw name="Go To" owner="SeleniumLibrary">
<msg time="2024-05-28T15:43:18.882428" level="INFO">Opening url 'https://demo.cyclos.org/ui/home'</msg>
<msg time="2024-05-28T15:44:20.989982" level="WARN">Retrying (Retry(total=2, connect=None, read=None, redirect=None, status=None)) after connection broken by 'NewConnectionError('&lt;urllib3.connection.HTTPConnection object at 0x0000022224D40920&gt;: Failed to establish a new connection: [WinError 10061] No connection could be made because the target machine actively refused it')': /session/ddadea4fad620d9cd4d3f3cf9af37e33/screenshot</msg>
<msg time="2024-05-28T15:44:25.875162" level="WARN">Retrying (Retry(total=1, connect=None, read=None, redirect=None, status=None)) after connection broken by 'NewConnectionError('&lt;urllib3.connection.HTTPConnection object at 0x0000022224D43290&gt;: Failed to establish a new connection: [WinError 10061] No connection could be made because the target machine actively refused it')': /session/ddadea4fad620d9cd4d3f3cf9af37e33/screenshot</msg>
<msg time="2024-05-28T15:44:30.019930" level="WARN">Retrying (Retry(total=0, connect=None, read=None, redirect=None, status=None)) after connection broken by 'NewConnectionError('&lt;urllib3.connection.HTTPConnection object at 0x0000022224CF8770&gt;: Failed to establish a new connection: [WinError 10061] No connection could be made because the target machine actively refused it')': /session/ddadea4fad620d9cd4d3f3cf9af37e33/screenshot</msg>
<msg time="2024-05-28T15:44:34.046183" level="WARN">Keyword 'Capture Page Screenshot' could not be run on failure: HTTPConnectionPool(host='localhost', port=65492): Max retries exceeded with url: /session/ddadea4fad620d9cd4d3f3cf9af37e33/screenshot (Caused by NewConnectionError('&lt;urllib3.connection.HTTPConnection object at 0x0000022224D1B9E0&gt;: Failed to establish a new connection: [WinError 10061] No connection could be made because the target machine actively refused it'))</msg>
<msg time="2024-05-28T15:44:34.046183" level="FAIL">ProtocolError: ('Connection aborted.', ConnectionResetError(10054, 'An existing connection was forcibly closed by the remote host', None, 10054, None))</msg>
<arg>${url}</arg>
<doc>Navigates the current browser window to the provided ``url``.</doc>
<status status="FAIL" start="2024-05-28T15:43:18.881425" elapsed="75.838763">ProtocolError: ('Connection aborted.', ConnectionResetError(10054, 'An existing connection was forcibly closed by the remote host', None, 10054, None))</status>
</kw>
<kw name="Maximize Browser Window" owner="SeleniumLibrary">
<doc>Maximizes current browser window.</doc>
<status status="NOT RUN" start="2024-05-28T15:44:34.720188" elapsed="0.000000"/>
</kw>
<kw name="Set Selenium Implicit Wait" owner="SeleniumLibrary">
<arg>5</arg>
<doc>Sets the implicit wait value used by Selenium.</doc>
<status status="NOT RUN" start="2024-05-28T15:44:34.720188" elapsed="0.000000"/>
</kw>
<status status="FAIL" start="2024-05-28T15:43:13.211845" elapsed="81.508343">ProtocolError: ('Connection aborted.', ConnectionResetError(10054, 'An existing connection was forcibly closed by the remote host', None, 10054, None))</status>
</kw>
<kw name="Close Browser Session" owner="GenericResource" type="TEARDOWN">
<kw name="Close Browser" owner="SeleniumLibrary">
<msg time="2024-05-28T15:44:38.763334" level="WARN">Retrying (Retry(total=2, connect=None, read=None, redirect=None, status=None)) after connection broken by 'NewConnectionError('&lt;urllib3.connection.HTTPConnection object at 0x0000022224EA41A0&gt;: Failed to establish a new connection: [WinError 10061] No connection could be made because the target machine actively refused it')': /session/ddadea4fad620d9cd4d3f3cf9af37e33</msg>
<msg time="2024-05-28T15:44:42.820300" level="WARN">Retrying (Retry(total=1, connect=None, read=None, redirect=None, status=None)) after connection broken by 'NewConnectionError('&lt;urllib3.connection.HTTPConnection object at 0x0000022224EA4380&gt;: Failed to establish a new connection: [WinError 10061] No connection could be made because the target machine actively refused it')': /session/ddadea4fad620d9cd4d3f3cf9af37e33</msg>
<msg time="2024-05-28T15:44:46.845902" level="WARN">Retrying (Retry(total=0, connect=None, read=None, redirect=None, status=None)) after connection broken by 'NewConnectionError('&lt;urllib3.connection.HTTPConnection object at 0x0000022224EA45C0&gt;: Failed to establish a new connection: [WinError 10061] No connection could be made because the target machine actively refused it')': /session/ddadea4fad620d9cd4d3f3cf9af37e33</msg>
<doc>Closes the current browser.</doc>
<status status="PASS" start="2024-05-28T15:44:34.720188" elapsed="20.225031"/>
</kw>
<status status="PASS" start="2024-05-28T15:44:34.720188" elapsed="20.225031"/>
</kw>
<tag>regression</tag>
<status status="FAIL" start="2024-05-28T15:43:13.211845" elapsed="101.733374">Setup failed:
ProtocolError: ('Connection aborted.', ConnectionResetError(10054, 'An existing connection was forcibly closed by the remote host', None, 10054, None))</status>
</test>
<test id="s1-t3" name="To validate payment to user functionality with blank amount field" line="44">
<kw name="Open the Browser with URL" owner="GenericResource" type="SETUP">
<kw name="Create Webdriver" owner="SeleniumLibrary">
<msg time="2024-05-28T15:44:54.945219" level="INFO">Creating an instance of the Chrome WebDriver.</msg>
<arg>Chrome</arg>
<doc>Creates an instance of Selenium WebDriver.</doc>
<status status="PASS" start="2024-05-28T15:44:54.945219" elapsed="8.424283"/>
</kw>
<kw name="Go To" owner="SeleniumLibrary">
<msg time="2024-05-28T15:45:03.369502" level="INFO">Opening url 'https://demo.cyclos.org/ui/home'</msg>
<msg time="2024-05-28T15:45:21.522653" level="WARN">Keyword 'Capture Page Screenshot' could not be run on failure: Message: no such window: target window already closed
from unknown error: web view not found
  (Session info: chrome=125.0.6422.78)
Stacktrace:
	GetHandleVerifier [0x00007FF68AA31F22+60322]
	(No symbol) [0x00007FF68A9ACE99]
	(No symbol) [0x00007FF68A867EBA]
	(No symbol) [0x00007FF68A83D5A5]
	(No symbol) [0x00007FF68A8E36B7]
	(No symbol) [0x00007FF68A8FB331]
	(No symbol) [0x00007FF68A8DBFC3]
	(No symbol) [0x00007FF68A8A9617]
	(No symbol) [0x00007FF68A8AA211]
	GetHandleVerifier [0x00007FF68AD4946D+3301613]
	GetHandleVerifier [0x00007FF68AD93693+3605267]
	GetHandleVerifier [0x00007FF68AD89410+3563664]
	GetHandleVerifier [0x00007FF68AAE42F6+790390]
	(No symbol) [0x00007FF68A9B74DF]
	(No symbol) [0x00007FF68A9B33D4]
	(No symbol) [0x00007FF68A9B3562]
	(No symbol) [0x00007FF68A9A2F6F]
	BaseThreadInitThunk [0x00007FFB56E4257D+29]
	RtlUserThreadStart [0x00007FFB57BCAA48+40]
</msg>
<msg time="2024-05-28T15:45:21.691847" level="FAIL">WebDriverException: Message: disconnected: received Inspector.detached event
  (failed to check if window was closed: disconnected: Unable to receive message from renderer)
  (Session info: chrome=125.0.6422.78)
Stacktrace:
	GetHandleVerifier [0x00007FF68AA31F22+60322]
	(No symbol) [0x00007FF68A9ACE99]
	(No symbol) [0x00007FF68A867EBA]
	(No symbol) [0x00007FF68A8515EF]
	(No symbol) [0x00007FF68A850D17]
	(No symbol) [0x00007FF68A8504D1]
	(No symbol) [0x00007FF68A850410]
	(No symbol) [0x00007FF68A84F3CB]
	(No symbol) [0x00007FF68A87584F]
	(No symbol) [0x00007FF68A8FBB5B]
	(No symbol) [0x00007FF68A8DBFC3]
	(No symbol) [0x00007FF68A8A9617]
	(No symbol) [0x00007FF68A8AA211]
	GetHandleVerifier [0x00007FF68AD4946D+3301613]
	GetHandleVerifier [0x00007FF68AD93693+3605267]
	GetHandleVerifier [0x00007FF68AD89410+3563664]
	GetHandleVerifier [0x00007FF68AAE42F6+790390]
	(No symbol) [0x00007FF68A9B74DF]
	(No symbol) [0x00007FF68A9B33D4]
	(No symbol) [0x00007FF68A9B3562]
	(No symbol) [0x00007FF68A9A2F6F]
	BaseThreadInitThunk [0x00007FFB56E4257D+29]
	RtlUserThreadStart [0x00007FFB57BCAA48+40]
</msg>
<arg>${url}</arg>
<doc>Navigates the current browser window to the provided ``url``.</doc>
<status status="FAIL" start="2024-05-28T15:45:03.369502" elapsed="18.349603">WebDriverException: Message: disconnected: received Inspector.detached event
  (failed to check if window was closed: disconnected: Unable to receive message from renderer)
  (Session info: chrome=125.0.6422.78)
Stacktrace:
	GetHandleVerifier [0x00007FF68AA31F22+60322]
	(No symbol) [0x00007FF68A9ACE99]
	(No symbol) [0x00007FF68A867EBA]
	(No symbol) [0x00007FF68A8515EF]
	(No symbol) [0x00007FF68A850D17]
	(No symbol) [0x00007FF68A8504D1]
	(No symbol) [0x00007FF68A850410]
	(No symbol) [0x00007FF68A84F3CB]
	(No symbol) [0x00007FF68A87584F]
	(No symbol) [0x00007FF68A8FBB5B]
	(No symbol) [0x00007FF68A8DBFC3]
	(No symbol) [0x00007FF68A8A9617]
	(No symbol) [0x00007FF68A8AA211]
	GetHandleVerifier [0x00007FF68AD4946D+3301613]
	GetHandleVerifier [0x00007FF68AD93693+3605267]
	GetHandleVerifier [0x00007FF68AD89410+3563664]
	GetHandleVerifier [0x00007FF68AAE42F6+790390]
	(No symbol) [0x00007FF68A9B74DF]
	(No symbol) [0x00007FF68A9B33D4]
	(No symbol) [0x00007FF68A9B3562]
	(No symbol) [0x00007FF68A9A2F6F]
	BaseThreadInitThunk [0x00007FFB56E4257D+29]
	RtlUserThreadStart [0x00007FFB57BCAA48+40]
</status>
</kw>
<kw name="Maximize Browser Window" owner="SeleniumLibrary">
<doc>Maximizes current browser window.</doc>
<status status="NOT RUN" start="2024-05-28T15:45:21.719105" elapsed="0.000000"/>
</kw>
<kw name="Set Selenium Implicit Wait" owner="SeleniumLibrary">
<arg>5</arg>
<doc>Sets the implicit wait value used by Selenium.</doc>
<status status="NOT RUN" start="2024-05-28T15:45:21.734331" elapsed="0.000000"/>
</kw>
<status status="FAIL" start="2024-05-28T15:44:54.945219" elapsed="26.789112">WebDriverException: Message: disconnected: received Inspector.detached event
  (failed to check if window was closed: disconnected: Unable to receive message from renderer)
  (Session info: chrome=125.0.6422.78)
Stacktrace:
	GetHandleVerifier [0x00007FF68AA31F22+60322]
	(No symbol) [0x00007FF68A9ACE99]
	(No symbol) [0x00007FF68A867EBA]
	(No symbol) [0x00007FF68A8515EF]
	(No symbol) [0x00007FF68A850D17]
	(No symbol) [0x00007FF68A8504D1]
	(No symbol) [0x00007FF68A850410]
	(No symbol) [0x00007FF68A84F3CB]
	(No symbol) [0x00007FF68A87584F]
	(No symbol) [0x00007FF68A8FBB5B]
	(No symbol) [0x00007FF68A8DBFC3]
	(No symbol) [0x00007FF68A8A9617]
	(No symbol) [0x00007FF68A8AA211]
	GetHandleVerifier [0x00007FF68AD4946D+3301613]
	GetHandleVerifier [0x00007FF68AD93693+3605267]
	GetHandleVerifier [0x00007FF68AD89410+3563664]
	GetHandleVerifier [0x00007FF68AAE42F6+790390]
	(No symbol) [0x00007FF68A9B74DF]
	(No symbol) [0x00007FF68A9B33D4]
	(No symbol) [0x00007FF68A9B3562]
	(No symbol) [0x00007FF68A9A2F6F]
	BaseThreadInitThunk [0x00007FFB56E4257D+29]
	RtlUserThreadStart [0x00007FFB57BCAA48+40]
</status>
</kw>
<kw name="Close Browser Session" owner="GenericResource" type="TEARDOWN">
<kw name="Close Browser" owner="SeleniumLibrary">
<doc>Closes the current browser.</doc>
<status status="PASS" start="2024-05-28T15:45:21.734331" elapsed="3.968870"/>
</kw>
<status status="PASS" start="2024-05-28T15:45:21.734331" elapsed="3.968870"/>
</kw>
<tag>regression</tag>
<status status="FAIL" start="2024-05-28T15:44:54.945219" elapsed="30.757982">Setup failed:
WebDriverException: Message: disconnected: received Inspector.detached event
  (failed to check if window was closed: disconnected: Unable to receive message from renderer)
  (Session info: chrome=125.0.6422.78)
Stacktrace:
	GetHandleVerifier [0x00007FF68AA31F22+60322]
	(No symbol) [0x00007FF68A9ACE99]
	(No symbol) [0x00007FF68A867EBA]
	(No symbol) [0x00007FF68A8515EF]
	(No symbol) [0x00007FF68A850D17]
	(No symbol) [0x00007FF68A8504D1]
	(No symbol) [0x00007FF68A850410]
	(No symbol) [0x00007FF68A84F3CB]
	(No symbol) [0x00007FF68A87584F]
	(No symbol) [0x00007FF68A8FBB5B]
	(No symbol) [0x00007FF68A8DBFC3]
	(No symbol) [0x00007FF68A8A9617]
	(No symbol) [0x00007FF68A8AA211]
	GetHandleVerifier [0x00007FF68AD4946D+3301613]
	GetHandleVerifier [0x00007FF68AD93693+3605267]
	GetHandleVerifier [0x00007FF68AD89410+3563664]
	GetHandleVerifier [0x00007FF68AAE42F6+790390]
	(No symbol) [0x00007FF68A9B74DF]
	(No symbol) [0x00007FF68A9B33D4]
	(No symbol) [0x00007FF68A9B3562]
	(No symbol) [0x00007FF68A9A2F6F]
	BaseThreadInitThunk [0x00007FFB56E4257D+29]
	RtlUserThreadStart [0x00007FFB57BCAA48+40]
</status>
</test>
<test id="s1-t4" name="To validate payment to user functionality with blank fields" line="62">
<kw name="Open the Browser with URL" owner="GenericResource" type="SETUP">
<kw name="Create Webdriver" owner="SeleniumLibrary">
<msg time="2024-05-28T15:45:25.730389" level="INFO">Creating an instance of the Chrome WebDriver.</msg>
<arg>Chrome</arg>
<doc>Creates an instance of Selenium WebDriver.</doc>
<status status="PASS" start="2024-05-28T15:45:25.730389" elapsed="6.427132"/>
</kw>
<kw name="Go To" owner="SeleniumLibrary">
<msg time="2024-05-28T15:45:32.174582" level="INFO">Opening url 'https://demo.cyclos.org/ui/home'</msg>
<arg>${url}</arg>
<doc>Navigates the current browser window to the provided ``url``.</doc>
<status status="PASS" start="2024-05-28T15:45:32.173567" elapsed="5.166151"/>
</kw>
<kw name="Maximize Browser Window" owner="SeleniumLibrary">
<doc>Maximizes current browser window.</doc>
<status status="PASS" start="2024-05-28T15:45:37.339718" elapsed="0.733039"/>
</kw>
<kw name="Set Selenium Implicit Wait" owner="SeleniumLibrary">
<arg>5</arg>
<doc>Sets the implicit wait value used by Selenium.</doc>
<status status="PASS" start="2024-05-28T15:45:38.072757" elapsed="0.099955"/>
</kw>
<status status="PASS" start="2024-05-28T15:45:25.729382" elapsed="12.443330"/>
</kw>
<kw name="Fill the Login page" owner="LoginResource">
<kw name="Wait Until Element Is Visible" owner="SeleniumLibrary">
<arg>${login_button}</arg>
<doc>Waits until the element ``locator`` is visible.</doc>
<status status="PASS" start="2024-05-28T15:45:38.288436" elapsed="2.644385"/>
</kw>
<kw name="Click Element" owner="SeleniumLibrary">
<msg time="2024-05-28T15:45:40.932821" level="INFO">Clicking element 'xpath:(//div[text()=' Login '])[1]'.</msg>
<arg>${login_button}</arg>
<doc>Click the element identified by ``locator``.</doc>
<status status="PASS" start="2024-05-28T15:45:40.932821" elapsed="0.503675"/>
</kw>
<kw name="Wait Until Element Is Visible" owner="SeleniumLibrary">
<arg>${username_locator}</arg>
<doc>Waits until the element ``locator`` is visible.</doc>
<status status="PASS" start="2024-05-28T15:45:41.437523" elapsed="0.106341"/>
</kw>
<kw name="Input Text" owner="SeleniumLibrary">
<msg time="2024-05-28T15:45:41.543864" level="INFO">Typing text 'demo' into text field 'css:input[placeholder="User"]'.</msg>
<arg>${username_locator}</arg>
<arg>${username}</arg>
<doc>Types the given ``text`` into the text field identified by ``locator``.</doc>
<status status="PASS" start="2024-05-28T15:45:41.543864" elapsed="0.665805"/>
</kw>
<kw name="Wait Until Element Is Visible" owner="SeleniumLibrary">
<arg>${password_locator}</arg>
<doc>Waits until the element ``locator`` is visible.</doc>
<status status="PASS" start="2024-05-28T15:45:42.209669" elapsed="0.343804"/>
</kw>
<kw name="Input Text" owner="SeleniumLibrary">
<msg time="2024-05-28T15:45:42.553473" level="INFO">Typing text '1234' into text field 'css:input[placeholder="Password"]'.</msg>
<arg>${password_locator}</arg>
<arg>${password}</arg>
<doc>Types the given ``text`` into the text field identified by ``locator``.</doc>
<status status="PASS" start="2024-05-28T15:45:42.553473" elapsed="0.921907"/>
</kw>
<kw name="Wait Until Element Is Visible" owner="SeleniumLibrary">
<arg>${submit_btn}</arg>
<doc>Waits until the element ``locator`` is visible.</doc>
<status status="PASS" start="2024-05-28T15:45:43.475380" elapsed="0.125014"/>
</kw>
<kw name="Click Element" owner="SeleniumLibrary">
<msg time="2024-05-28T15:45:43.600394" level="INFO">Clicking element 'xpath://button[@class="btn d-flex justify-content-center align-items-center w-100 h-100 btn-primary btn-action-primary"]'.</msg>
<arg>${submit_btn}</arg>
<doc>Click the element identified by ``locator``.</doc>
<status status="PASS" start="2024-05-28T15:45:43.600394" elapsed="0.203134"/>
</kw>
<arg>demo</arg>
<arg>1234</arg>
<status status="PASS" start="2024-05-28T15:45:38.269562" elapsed="5.533966"/>
</kw>
<kw name="Click the Banking Option" owner="HomeResource">
<kw name="Wait Until Element Is Visible" owner="SeleniumLibrary">
<arg>${Banking_Xpath}</arg>
<doc>Waits until the element ``locator`` is visible.</doc>
<status status="PASS" start="2024-05-28T15:45:43.912913" elapsed="1.767778"/>
</kw>
<kw name="Click Element" owner="SeleniumLibrary">
<msg time="2024-05-28T15:45:45.681695" level="INFO">Clicking element 'xpath://a[@id='menu_banking']'.</msg>
<arg>${Banking_Xpath}</arg>
<doc>Click the element identified by ``locator``.</doc>
<status status="PASS" start="2024-05-28T15:45:45.681695" elapsed="1.413261"/>
</kw>
<status status="PASS" start="2024-05-28T15:45:43.912913" elapsed="3.182043"/>
</kw>
<kw name="Verify the Banking page is displayed" owner="HomeResource">
<kw name="Element Text Should Be" owner="SeleniumLibrary">
<msg time="2024-05-28T15:45:47.484255" level="INFO">Verifying element 'xpath://div[text()='Banking']' contains exact text 'Banking'.</msg>
<arg>${Banking_page_verify}</arg>
<arg>${Banking_page_keyword}</arg>
<doc>Verifies that element ``locator`` contains exact the text ``expected``.</doc>
<status status="PASS" start="2024-05-28T15:45:47.483252" elapsed="0.371687"/>
</kw>
<status status="PASS" start="2024-05-28T15:45:47.482254" elapsed="0.375688"/>
</kw>
<kw name="Select the option payment to user" owner="PaymentUser">
<kw name="Wait Until Element Is Visible" owner="SeleniumLibrary">
<arg>${select_payment_to_user}</arg>
<doc>Waits until the element ``locator`` is visible.</doc>
<status status="PASS" start="2024-05-28T15:45:47.905131" elapsed="0.569877"/>
</kw>
<kw name="Click Element" owner="SeleniumLibrary">
<msg time="2024-05-28T15:45:48.475008" level="INFO">Clicking element 'xpath://div[text()="Payment to user"]'.</msg>
<arg>${select_payment_to_user}</arg>
<doc>Click the element identified by ``locator``.</doc>
<status status="PASS" start="2024-05-28T15:45:48.475008" elapsed="0.585927"/>
</kw>
<status status="PASS" start="2024-05-28T15:45:47.905131" elapsed="1.155804"/>
</kw>
<kw name="verify the payment to user page open" owner="PaymentUser">
<kw name="Element Text Should Be" owner="SeleniumLibrary">
<msg time="2024-05-28T15:45:49.095837" level="INFO">Verifying element 'xpath://div[@class="content-title d-flex"]//div' contains exact text 'Payment to user'.</msg>
<arg>${payment_user_title}</arg>
<arg>Payment to user</arg>
<doc>Verifies that element ``locator`` contains exact the text ``expected``.</doc>
<status status="PASS" start="2024-05-28T15:45:49.095837" elapsed="1.068053"/>
</kw>
<status status="PASS" start="2024-05-28T15:45:49.095837" elapsed="1.068053"/>
</kw>
<kw name="Click the next Button in payment page" owner="PaymentUser">
<kw name="Wait Until Element Is Visible" owner="SeleniumLibrary">
<arg>${next}</arg>
<doc>Waits until the element ``locator`` is visible.</doc>
<status status="PASS" start="2024-05-28T15:45:50.330757" elapsed="0.122214"/>
</kw>
<kw name="Click Element" owner="SeleniumLibrary">
<msg time="2024-05-28T15:45:50.452971" level="INFO">Clicking element 'xpath://span[text()='Next']'.</msg>
<arg>${next}</arg>
<doc>Click the element identified by ``locator``.</doc>
<status status="PASS" start="2024-05-28T15:45:50.452971" elapsed="0.230057"/>
</kw>
<status status="PASS" start="2024-05-28T15:45:50.330757" elapsed="0.352271"/>
</kw>
<kw name="verify the error message for user to field is given blank" owner="PaymentUser">
<kw name="Element Text Should Be" owner="SeleniumLibrary">
<msg time="2024-05-28T15:45:50.683028" level="INFO">Verifying element 'xpath:(//field-errors)[1]//div' contains exact text 'This field is required'.</msg>
<arg>${to_user_error_msg}</arg>
<arg>This field is required</arg>
<doc>Verifies that element ``locator`` contains exact the text ``expected``.</doc>
<status status="PASS" start="2024-05-28T15:45:50.683028" elapsed="0.119357"/>
</kw>
<status status="PASS" start="2024-05-28T15:45:50.683028" elapsed="0.120358"/>
</kw>
<kw name="verify the error message for amount field is given blank" owner="PaymentUser">
<kw name="Element Text Should Be" owner="SeleniumLibrary">
<msg time="2024-05-28T15:45:50.816742" level="INFO">Verifying element 'xpath:(//field-errors)[2]//div' contains exact text 'This field is required'.</msg>
<arg>${amount_error_msg}</arg>
<arg>This field is required</arg>
<doc>Verifies that element ``locator`` contains exact the text ``expected``.</doc>
<status status="PASS" start="2024-05-28T15:45:50.815721" elapsed="0.134745"/>
</kw>
<status status="PASS" start="2024-05-28T15:45:50.815721" elapsed="0.134745"/>
</kw>
<kw name="Close Browser Session" owner="GenericResource" type="TEARDOWN">
<kw name="Close Browser" owner="SeleniumLibrary">
<doc>Closes the current browser.</doc>
<status status="PASS" start="2024-05-28T15:45:50.958556" elapsed="5.481227"/>
</kw>
<status status="PASS" start="2024-05-28T15:45:50.957574" elapsed="5.482209"/>
</kw>
<tag>retest</tag>
<status status="PASS" start="2024-05-28T15:45:25.726154" elapsed="30.713629"/>
</test>
<doc>To validate Banking - payment to user Functionality</doc>
<status status="FAIL" start="2024-05-28T15:42:17.975901" elapsed="218.463882"/>
</suite>
<statistics>
<total>
<stat pass="1" fail="3" skip="0">All Tests</stat>
</total>
<tag>
<stat pass="0" fail="2" skip="0">regression</stat>
<stat pass="1" fail="0" skip="0">retest</stat>
<stat pass="0" fail="1" skip="0">smoke</stat>
</tag>
<suite>
<stat pass="1" fail="3" skip="0" id="s1" name="Test User Payment">Test User Payment</stat>
</suite>
</statistics>
<errors>
<msg time="2024-05-28T15:44:20.989982" level="WARN">Retrying (Retry(total=2, connect=None, read=None, redirect=None, status=None)) after connection broken by 'NewConnectionError('&lt;urllib3.connection.HTTPConnection object at 0x0000022224D40920&gt;: Failed to establish a new connection: [WinError 10061] No connection could be made because the target machine actively refused it')': /session/ddadea4fad620d9cd4d3f3cf9af37e33/screenshot</msg>
<msg time="2024-05-28T15:44:25.875162" level="WARN">Retrying (Retry(total=1, connect=None, read=None, redirect=None, status=None)) after connection broken by 'NewConnectionError('&lt;urllib3.connection.HTTPConnection object at 0x0000022224D43290&gt;: Failed to establish a new connection: [WinError 10061] No connection could be made because the target machine actively refused it')': /session/ddadea4fad620d9cd4d3f3cf9af37e33/screenshot</msg>
<msg time="2024-05-28T15:44:30.019930" level="WARN">Retrying (Retry(total=0, connect=None, read=None, redirect=None, status=None)) after connection broken by 'NewConnectionError('&lt;urllib3.connection.HTTPConnection object at 0x0000022224CF8770&gt;: Failed to establish a new connection: [WinError 10061] No connection could be made because the target machine actively refused it')': /session/ddadea4fad620d9cd4d3f3cf9af37e33/screenshot</msg>
<msg time="2024-05-28T15:44:34.046183" level="WARN">Keyword 'Capture Page Screenshot' could not be run on failure: HTTPConnectionPool(host='localhost', port=65492): Max retries exceeded with url: /session/ddadea4fad620d9cd4d3f3cf9af37e33/screenshot (Caused by NewConnectionError('&lt;urllib3.connection.HTTPConnection object at 0x0000022224D1B9E0&gt;: Failed to establish a new connection: [WinError 10061] No connection could be made because the target machine actively refused it'))</msg>
<msg time="2024-05-28T15:44:38.763334" level="WARN">Retrying (Retry(total=2, connect=None, read=None, redirect=None, status=None)) after connection broken by 'NewConnectionError('&lt;urllib3.connection.HTTPConnection object at 0x0000022224EA41A0&gt;: Failed to establish a new connection: [WinError 10061] No connection could be made because the target machine actively refused it')': /session/ddadea4fad620d9cd4d3f3cf9af37e33</msg>
<msg time="2024-05-28T15:44:42.820300" level="WARN">Retrying (Retry(total=1, connect=None, read=None, redirect=None, status=None)) after connection broken by 'NewConnectionError('&lt;urllib3.connection.HTTPConnection object at 0x0000022224EA4380&gt;: Failed to establish a new connection: [WinError 10061] No connection could be made because the target machine actively refused it')': /session/ddadea4fad620d9cd4d3f3cf9af37e33</msg>
<msg time="2024-05-28T15:44:46.845902" level="WARN">Retrying (Retry(total=0, connect=None, read=None, redirect=None, status=None)) after connection broken by 'NewConnectionError('&lt;urllib3.connection.HTTPConnection object at 0x0000022224EA45C0&gt;: Failed to establish a new connection: [WinError 10061] No connection could be made because the target machine actively refused it')': /session/ddadea4fad620d9cd4d3f3cf9af37e33</msg>
<msg time="2024-05-28T15:45:21.522653" level="WARN">Keyword 'Capture Page Screenshot' could not be run on failure: Message: no such window: target window already closed
from unknown error: web view not found
  (Session info: chrome=125.0.6422.78)
Stacktrace:
	GetHandleVerifier [0x00007FF68AA31F22+60322]
	(No symbol) [0x00007FF68A9ACE99]
	(No symbol) [0x00007FF68A867EBA]
	(No symbol) [0x00007FF68A83D5A5]
	(No symbol) [0x00007FF68A8E36B7]
	(No symbol) [0x00007FF68A8FB331]
	(No symbol) [0x00007FF68A8DBFC3]
	(No symbol) [0x00007FF68A8A9617]
	(No symbol) [0x00007FF68A8AA211]
	GetHandleVerifier [0x00007FF68AD4946D+3301613]
	GetHandleVerifier [0x00007FF68AD93693+3605267]
	GetHandleVerifier [0x00007FF68AD89410+3563664]
	GetHandleVerifier [0x00007FF68AAE42F6+790390]
	(No symbol) [0x00007FF68A9B74DF]
	(No symbol) [0x00007FF68A9B33D4]
	(No symbol) [0x00007FF68A9B3562]
	(No symbol) [0x00007FF68A9A2F6F]
	BaseThreadInitThunk [0x00007FFB56E4257D+29]
	RtlUserThreadStart [0x00007FFB57BCAA48+40]
</msg>
</errors>
</robot>
